<?xml version="1.0" encoding="UTF-8"?>
<!-- Generated by org.testng.reporters.JUnitReportReporter -->
<testsuite hostname="INEMBL-8FC3TT2" failures="0" tests="4" name="testCase.TC01_GetWeatherRequestAPI" time="4.843" errors="0" timestamp="2020-10-21T00:18:14 IST" skipped="0">
  <testcase classname="testCase.TC01_GetWeatherRequestAPI" name="GetStation" time="2.976"/>
  <system-out/>
  <testcase classname="testCase.TC01_GetWeatherRequestAPI" name="CreateStation" time="0.489"/>
  <system-out/>
  <testcase classname="testCase.TC01_GetWeatherRequestAPI" name="GetAllWeatherStations" time="0.657"/>
  <system-out/>
  <testcase classname="testCase.TC01_GetWeatherRequestAPI" name="UpdateStation" time="0.721"/>
  <system-out/>
</testsuite> <!-- testCase.TC01_GetWeatherRequestAPI -->
