<?xml version="1.0" encoding="UTF-8"?>
<!-- Generated by org.testng.reporters.JUnitReportReporter -->
<testsuite hostname="INEMBL-8FC3TT2" name="testCases.TC01_LoginAndAddProductToCart" tests="3" failures="0" timestamp="5 Oct 2020 10:45:12 GMT" time="36.281" errors="0">
  <testcase name="VerifyLogin" time="13.875" classname="testCases.TC01_LoginAndAddProductToCart"/>
  <testcase name="VerifyLogin" time="10.542" classname="testCases.TC01_LoginAndAddProductToCart"/>
  <testcase name="VerifyLogin" time="11.864" classname="testCases.TC01_LoginAndAddProductToCart"/>
</testsuite> <!-- testCases.TC01_LoginAndAddProductToCart -->
