<?xml version="1.0" encoding="UTF-8"?>
<!-- Generated by org.testng.reporters.JUnitReportReporter -->
<testsuite hostname="INEMBL-8FC3TT2" name="testCases.TC01_LoginAndAddProductToCart" tests="3" failures="0" timestamp="5 Oct 2020 19:55:09 GMT" time="26.364" errors="0">
  <testcase name="VerifyLogin" time="8.714" classname="testCases.TC01_LoginAndAddProductToCart"/>
  <testcase name="VerifyLogin" time="9.479" classname="testCases.TC01_LoginAndAddProductToCart"/>
  <testcase name="VerifyLogin" time="8.171" classname="testCases.TC01_LoginAndAddProductToCart"/>
</testsuite> <!-- testCases.TC01_LoginAndAddProductToCart -->
